Compiling the C compiler identification source file "CMakeCCompilerId.c" failed.
Compiler:  
Build flags: 
Id flags:  

The output was:
1
Microsoft (R) Build Engine version 16.5.0+d4cbfca49 for .NET Framework
Copyright (C) Microsoft Corporation. All rights reserved.

Build started 26/03/2020 21:17:46.
Project "C:\Users\Legendary_Xelar\source\repos\thomas-soutif\assignment1\part1\build\CMakeFiles\3.17.0\CompilerIdC\CompilerIdC.vcxproj" on node 1 (default targets).
PrepareForBuild:
  Creating directory "Debug\".
C:\Program Files (x86)\Microsoft Visual Studio\2019\Community\MSBuild\Microsoft\VC\v160\Microsoft.CppBuild.targets(449,5): warning MSB8003: The WindowsSDKDir property is not defined. Some build tools may not be found. [C:\Users\Legendary_Xelar\source\repos\thomas-soutif\assignment1\part1\build\CMakeFiles\3.17.0\CompilerIdC\CompilerIdC.vcxproj]
  Creating directory "Debug\CompilerIdC.tlog\".
InitializeBuildStatus:
  Creating "Debug\CompilerIdC.tlog\unsuccessfulbuild" because "AlwaysCreate" was specified.
ClCompile:
  C:\Program Files (x86)\Microsoft Visual Studio\2019\Community\VC\Tools\MSVC\14.25.28610\bin\HostX64\x64\CL.exe /c /nologo /W0 /WX- /diagnostics:column /Od /D _MBCS /Gm- /EHsc /RTC1 /MDd /GS /fp:precise /Zc:wchar_t /Zc:forScope /Zc:inline /Fo"Debug\\" /Fd"Debug\vc142.pdb" /Gd /TC /FC /errorReport:queue CMakeCCompilerId.c
  CMakeCCompilerId.c
Link:
  C:\Program Files (x86)\Microsoft Visual Studio\2019\Community\VC\Tools\MSVC\14.25.28610\bin\HostX64\x64\link.exe /ERRORREPORT:QUEUE /OUT:".\CompilerIdC.exe" /INCREMENTAL:NO /NOLOGO kernel32.lib user32.lib gdi32.lib winspool.lib comdlg32.lib advapi32.lib shell32.lib ole32.lib oleaut32.lib uuid.lib odbc32.lib odbccp32.lib /MANIFEST /MANIFESTUAC:"level='asInvoker' uiAccess='false'" /manifest:embed /PDB:".\CompilerIdC.pdb" /SUBSYSTEM:CONSOLE /TLBID:1 /DYNAMICBASE /NXCOMPAT /IMPLIB:".\CompilerIdC.lib" /MACHINE:X64 Debug\CMakeCCompilerId.obj
LINK : fatal error LNK1181: cannot open input file 'kernel32.lib' [C:\Users\Legendary_Xelar\source\repos\thomas-soutif\assignment1\part1\build\CMakeFiles\3.17.0\CompilerIdC\CompilerIdC.vcxproj]
Done Building Project "C:\Users\Legendary_Xelar\source\repos\thomas-soutif\assignment1\part1\build\CMakeFiles\3.17.0\CompilerIdC\CompilerIdC.vcxproj" (default targets) -- FAILED.

Build FAILED.

"C:\Users\Legendary_Xelar\source\repos\thomas-soutif\assignment1\part1\build\CMakeFiles\3.17.0\CompilerIdC\CompilerIdC.vcxproj" (default target) (1) ->
(PrepareForBuild target) -> 
  C:\Program Files (x86)\Microsoft Visual Studio\2019\Community\MSBuild\Microsoft\VC\v160\Microsoft.CppBuild.targets(449,5): warning MSB8003: The WindowsSDKDir property is not defined. Some build tools may not be found. [C:\Users\Legendary_Xelar\source\repos\thomas-soutif\assignment1\part1\build\CMakeFiles\3.17.0\CompilerIdC\CompilerIdC.vcxproj]


"C:\Users\Legendary_Xelar\source\repos\thomas-soutif\assignment1\part1\build\CMakeFiles\3.17.0\CompilerIdC\CompilerIdC.vcxproj" (default target) (1) ->
(Link target) -> 
  LINK : fatal error LNK1181: cannot open input file 'kernel32.lib' [C:\Users\Legendary_Xelar\source\repos\thomas-soutif\assignment1\part1\build\CMakeFiles\3.17.0\CompilerIdC\CompilerIdC.vcxproj]

    1 Warning(s)
    1 Error(s)

Time Elapsed 00:00:03.87


Compiling the C compiler identification source file "CMakeCCompilerId.c" failed.
Compiler:  
Build flags: 
Id flags:  

The output was:
1
Microsoft (R) Build Engine version 16.5.0+d4cbfca49 for .NET Framework
Copyright (C) Microsoft Corporation. All rights reserved.

Build started 26/03/2020 21:17:50.
Project "C:\Users\Legendary_Xelar\source\repos\thomas-soutif\assignment1\part1\build\CMakeFiles\3.17.0\CompilerIdC\CompilerIdC.vcxproj" on node 1 (default targets).
PrepareForBuild:
  Creating directory "Debug\".
C:\Program Files (x86)\Microsoft Visual Studio\2019\Community\MSBuild\Microsoft\VC\v160\Microsoft.CppBuild.targets(449,5): warning MSB8003: The WindowsSDKDir property is not defined. Some build tools may not be found. [C:\Users\Legendary_Xelar\source\repos\thomas-soutif\assignment1\part1\build\CMakeFiles\3.17.0\CompilerIdC\CompilerIdC.vcxproj]
  Creating directory "Debug\CompilerIdC.tlog\".
InitializeBuildStatus:
  Creating "Debug\CompilerIdC.tlog\unsuccessfulbuild" because "AlwaysCreate" was specified.
ClCompile:
  C:\Program Files (x86)\Microsoft Visual Studio\2019\Community\VC\Tools\MSVC\14.25.28610\bin\HostX64\x64\CL.exe /c /nologo /W0 /WX- /diagnostics:column /Od /D _MBCS /Gm- /EHsc /RTC1 /MDd /GS /fp:precise /Zc:wchar_t /Zc:forScope /Zc:inline /Fo"Debug\\" /Fd"Debug\vc142.pdb" /Gd /TC /FC /errorReport:queue CMakeCCompilerId.c
  CMakeCCompilerId.c
Link:
  C:\Program Files (x86)\Microsoft Visual Studio\2019\Community\VC\Tools\MSVC\14.25.28610\bin\HostX64\x64\link.exe /ERRORREPORT:QUEUE /OUT:".\CompilerIdC.exe" /INCREMENTAL:NO /NOLOGO kernel32.lib user32.lib gdi32.lib winspool.lib comdlg32.lib advapi32.lib shell32.lib ole32.lib oleaut32.lib uuid.lib odbc32.lib odbccp32.lib /MANIFEST /MANIFESTUAC:"level='asInvoker' uiAccess='false'" /manifest:embed /PDB:".\CompilerIdC.pdb" /SUBSYSTEM:CONSOLE /TLBID:1 /DYNAMICBASE /NXCOMPAT /IMPLIB:".\CompilerIdC.lib" /MACHINE:X64 Debug\CMakeCCompilerId.obj
LINK : fatal error LNK1181: cannot open input file 'kernel32.lib' [C:\Users\Legendary_Xelar\source\repos\thomas-soutif\assignment1\part1\build\CMakeFiles\3.17.0\CompilerIdC\CompilerIdC.vcxproj]
Done Building Project "C:\Users\Legendary_Xelar\source\repos\thomas-soutif\assignment1\part1\build\CMakeFiles\3.17.0\CompilerIdC\CompilerIdC.vcxproj" (default targets) -- FAILED.

Build FAILED.

"C:\Users\Legendary_Xelar\source\repos\thomas-soutif\assignment1\part1\build\CMakeFiles\3.17.0\CompilerIdC\CompilerIdC.vcxproj" (default target) (1) ->
(PrepareForBuild target) -> 
  C:\Program Files (x86)\Microsoft Visual Studio\2019\Community\MSBuild\Microsoft\VC\v160\Microsoft.CppBuild.targets(449,5): warning MSB8003: The WindowsSDKDir property is not defined. Some build tools may not be found. [C:\Users\Legendary_Xelar\source\repos\thomas-soutif\assignment1\part1\build\CMakeFiles\3.17.0\CompilerIdC\CompilerIdC.vcxproj]


"C:\Users\Legendary_Xelar\source\repos\thomas-soutif\assignment1\part1\build\CMakeFiles\3.17.0\CompilerIdC\CompilerIdC.vcxproj" (default target) (1) ->
(Link target) -> 
  LINK : fatal error LNK1181: cannot open input file 'kernel32.lib' [C:\Users\Legendary_Xelar\source\repos\thomas-soutif\assignment1\part1\build\CMakeFiles\3.17.0\CompilerIdC\CompilerIdC.vcxproj]

    1 Warning(s)
    1 Error(s)

Time Elapsed 00:00:00.72


Compiling the CXX compiler identification source file "CMakeCXXCompilerId.cpp" failed.
Compiler:  
Build flags: 
Id flags:  

The output was:
1
Microsoft (R) Build Engine version 16.5.0+d4cbfca49 for .NET Framework
Copyright (C) Microsoft Corporation. All rights reserved.

Build started 26/03/2020 21:17:52.
Project "C:\Users\Legendary_Xelar\source\repos\thomas-soutif\assignment1\part1\build\CMakeFiles\3.17.0\CompilerIdCXX\CompilerIdCXX.vcxproj" on node 1 (default targets).
PrepareForBuild:
  Creating directory "Debug\".
C:\Program Files (x86)\Microsoft Visual Studio\2019\Community\MSBuild\Microsoft\VC\v160\Microsoft.CppBuild.targets(449,5): warning MSB8003: The WindowsSDKDir property is not defined. Some build tools may not be found. [C:\Users\Legendary_Xelar\source\repos\thomas-soutif\assignment1\part1\build\CMakeFiles\3.17.0\CompilerIdCXX\CompilerIdCXX.vcxproj]
  Creating directory "Debug\CompilerIdCXX.tlog\".
InitializeBuildStatus:
  Creating "Debug\CompilerIdCXX.tlog\unsuccessfulbuild" because "AlwaysCreate" was specified.
ClCompile:
  C:\Program Files (x86)\Microsoft Visual Studio\2019\Community\VC\Tools\MSVC\14.25.28610\bin\HostX64\x64\CL.exe /c /nologo /W0 /WX- /diagnostics:column /Od /D _MBCS /Gm- /EHsc /RTC1 /MDd /GS /fp:precise /Zc:wchar_t /Zc:forScope /Zc:inline /Fo"Debug\\" /Fd"Debug\vc142.pdb" /Gd /TP /FC /errorReport:queue CMakeCXXCompilerId.cpp
  CMakeCXXCompilerId.cpp
Link:
  C:\Program Files (x86)\Microsoft Visual Studio\2019\Community\VC\Tools\MSVC\14.25.28610\bin\HostX64\x64\link.exe /ERRORREPORT:QUEUE /OUT:".\CompilerIdCXX.exe" /INCREMENTAL:NO /NOLOGO kernel32.lib user32.lib gdi32.lib winspool.lib comdlg32.lib advapi32.lib shell32.lib ole32.lib oleaut32.lib uuid.lib odbc32.lib odbccp32.lib /MANIFEST /MANIFESTUAC:"level='asInvoker' uiAccess='false'" /manifest:embed /PDB:".\CompilerIdCXX.pdb" /SUBSYSTEM:CONSOLE /TLBID:1 /DYNAMICBASE /NXCOMPAT /IMPLIB:".\CompilerIdCXX.lib" /MACHINE:X64 Debug\CMakeCXXCompilerId.obj
LINK : fatal error LNK1181: cannot open input file 'kernel32.lib' [C:\Users\Legendary_Xelar\source\repos\thomas-soutif\assignment1\part1\build\CMakeFiles\3.17.0\CompilerIdCXX\CompilerIdCXX.vcxproj]
Done Building Project "C:\Users\Legendary_Xelar\source\repos\thomas-soutif\assignment1\part1\build\CMakeFiles\3.17.0\CompilerIdCXX\CompilerIdCXX.vcxproj" (default targets) -- FAILED.

Build FAILED.

"C:\Users\Legendary_Xelar\source\repos\thomas-soutif\assignment1\part1\build\CMakeFiles\3.17.0\CompilerIdCXX\CompilerIdCXX.vcxproj" (default target) (1) ->
(PrepareForBuild target) -> 
  C:\Program Files (x86)\Microsoft Visual Studio\2019\Community\MSBuild\Microsoft\VC\v160\Microsoft.CppBuild.targets(449,5): warning MSB8003: The WindowsSDKDir property is not defined. Some build tools may not be found. [C:\Users\Legendary_Xelar\source\repos\thomas-soutif\assignment1\part1\build\CMakeFiles\3.17.0\CompilerIdCXX\CompilerIdCXX.vcxproj]


"C:\Users\Legendary_Xelar\source\repos\thomas-soutif\assignment1\part1\build\CMakeFiles\3.17.0\CompilerIdCXX\CompilerIdCXX.vcxproj" (default target) (1) ->
(Link target) -> 
  LINK : fatal error LNK1181: cannot open input file 'kernel32.lib' [C:\Users\Legendary_Xelar\source\repos\thomas-soutif\assignment1\part1\build\CMakeFiles\3.17.0\CompilerIdCXX\CompilerIdCXX.vcxproj]

    1 Warning(s)
    1 Error(s)

Time Elapsed 00:00:02.84


Compiling the CXX compiler identification source file "CMakeCXXCompilerId.cpp" failed.
Compiler:  
Build flags: 
Id flags:  

The output was:
1
Microsoft (R) Build Engine version 16.5.0+d4cbfca49 for .NET Framework
Copyright (C) Microsoft Corporation. All rights reserved.

Build started 26/03/2020 21:17:55.
Project "C:\Users\Legendary_Xelar\source\repos\thomas-soutif\assignment1\part1\build\CMakeFiles\3.17.0\CompilerIdCXX\CompilerIdCXX.vcxproj" on node 1 (default targets).
PrepareForBuild:
  Creating directory "Debug\".
C:\Program Files (x86)\Microsoft Visual Studio\2019\Community\MSBuild\Microsoft\VC\v160\Microsoft.CppBuild.targets(449,5): warning MSB8003: The WindowsSDKDir property is not defined. Some build tools may not be found. [C:\Users\Legendary_Xelar\source\repos\thomas-soutif\assignment1\part1\build\CMakeFiles\3.17.0\CompilerIdCXX\CompilerIdCXX.vcxproj]
  Creating directory "Debug\CompilerIdCXX.tlog\".
InitializeBuildStatus:
  Creating "Debug\CompilerIdCXX.tlog\unsuccessfulbuild" because "AlwaysCreate" was specified.
ClCompile:
  C:\Program Files (x86)\Microsoft Visual Studio\2019\Community\VC\Tools\MSVC\14.25.28610\bin\HostX64\x64\CL.exe /c /nologo /W0 /WX- /diagnostics:column /Od /D _MBCS /Gm- /EHsc /RTC1 /MDd /GS /fp:precise /Zc:wchar_t /Zc:forScope /Zc:inline /Fo"Debug\\" /Fd"Debug\vc142.pdb" /Gd /TP /FC /errorReport:queue CMakeCXXCompilerId.cpp
  CMakeCXXCompilerId.cpp
Link:
  C:\Program Files (x86)\Microsoft Visual Studio\2019\Community\VC\Tools\MSVC\14.25.28610\bin\HostX64\x64\link.exe /ERRORREPORT:QUEUE /OUT:".\CompilerIdCXX.exe" /INCREMENTAL:NO /NOLOGO kernel32.lib user32.lib gdi32.lib winspool.lib comdlg32.lib advapi32.lib shell32.lib ole32.lib oleaut32.lib uuid.lib odbc32.lib odbccp32.lib /MANIFEST /MANIFESTUAC:"level='asInvoker' uiAccess='false'" /manifest:embed /PDB:".\CompilerIdCXX.pdb" /SUBSYSTEM:CONSOLE /TLBID:1 /DYNAMICBASE /NXCOMPAT /IMPLIB:".\CompilerIdCXX.lib" /MACHINE:X64 Debug\CMakeCXXCompilerId.obj
LINK : fatal error LNK1181: cannot open input file 'kernel32.lib' [C:\Users\Legendary_Xelar\source\repos\thomas-soutif\assignment1\part1\build\CMakeFiles\3.17.0\CompilerIdCXX\CompilerIdCXX.vcxproj]
Done Building Project "C:\Users\Legendary_Xelar\source\repos\thomas-soutif\assignment1\part1\build\CMakeFiles\3.17.0\CompilerIdCXX\CompilerIdCXX.vcxproj" (default targets) -- FAILED.

Build FAILED.

"C:\Users\Legendary_Xelar\source\repos\thomas-soutif\assignment1\part1\build\CMakeFiles\3.17.0\CompilerIdCXX\CompilerIdCXX.vcxproj" (default target) (1) ->
(PrepareForBuild target) -> 
  C:\Program Files (x86)\Microsoft Visual Studio\2019\Community\MSBuild\Microsoft\VC\v160\Microsoft.CppBuild.targets(449,5): warning MSB8003: The WindowsSDKDir property is not defined. Some build tools may not be found. [C:\Users\Legendary_Xelar\source\repos\thomas-soutif\assignment1\part1\build\CMakeFiles\3.17.0\CompilerIdCXX\CompilerIdCXX.vcxproj]


"C:\Users\Legendary_Xelar\source\repos\thomas-soutif\assignment1\part1\build\CMakeFiles\3.17.0\CompilerIdCXX\CompilerIdCXX.vcxproj" (default target) (1) ->
(Link target) -> 
  LINK : fatal error LNK1181: cannot open input file 'kernel32.lib' [C:\Users\Legendary_Xelar\source\repos\thomas-soutif\assignment1\part1\build\CMakeFiles\3.17.0\CompilerIdCXX\CompilerIdCXX.vcxproj]

    1 Warning(s)
    1 Error(s)

Time Elapsed 00:00:00.85


Compiling the C compiler identification source file "CMakeCCompilerId.c" failed.
Compiler:  
Build flags: 
Id flags:  

The output was:
1
Microsoft (R) Build Engine version 16.5.0+d4cbfca49 for .NET Framework
Copyright (C) Microsoft Corporation. All rights reserved.

Build started 26/03/2020 21:18:24.
Project "C:\Users\Legendary_Xelar\source\repos\thomas-soutif\assignment1\part1\build\CMakeFiles\3.17.0\CompilerIdC\CompilerIdC.vcxproj" on node 1 (default targets).
PrepareForBuild:
  Creating directory "Debug\".
C:\Program Files (x86)\Microsoft Visual Studio\2019\Community\MSBuild\Microsoft\VC\v160\Microsoft.CppBuild.targets(449,5): warning MSB8003: The WindowsSDKDir property is not defined. Some build tools may not be found. [C:\Users\Legendary_Xelar\source\repos\thomas-soutif\assignment1\part1\build\CMakeFiles\3.17.0\CompilerIdC\CompilerIdC.vcxproj]
  Creating directory "Debug\CompilerIdC.tlog\".
InitializeBuildStatus:
  Creating "Debug\CompilerIdC.tlog\unsuccessfulbuild" because "AlwaysCreate" was specified.
ClCompile:
  C:\Program Files (x86)\Microsoft Visual Studio\2019\Community\VC\Tools\MSVC\14.25.28610\bin\HostX64\x64\CL.exe /c /nologo /W0 /WX- /diagnostics:column /Od /D _MBCS /Gm- /EHsc /RTC1 /MDd /GS /fp:precise /Zc:wchar_t /Zc:forScope /Zc:inline /Fo"Debug\\" /Fd"Debug\vc142.pdb" /Gd /TC /FC /errorReport:queue CMakeCCompilerId.c
  CMakeCCompilerId.c
Link:
  C:\Program Files (x86)\Microsoft Visual Studio\2019\Community\VC\Tools\MSVC\14.25.28610\bin\HostX64\x64\link.exe /ERRORREPORT:QUEUE /OUT:".\CompilerIdC.exe" /INCREMENTAL:NO /NOLOGO kernel32.lib user32.lib gdi32.lib winspool.lib comdlg32.lib advapi32.lib shell32.lib ole32.lib oleaut32.lib uuid.lib odbc32.lib odbccp32.lib /MANIFEST /MANIFESTUAC:"level='asInvoker' uiAccess='false'" /manifest:embed /PDB:".\CompilerIdC.pdb" /SUBSYSTEM:CONSOLE /TLBID:1 /DYNAMICBASE /NXCOMPAT /IMPLIB:".\CompilerIdC.lib" /MACHINE:X64 Debug\CMakeCCompilerId.obj
LINK : fatal error LNK1181: cannot open input file 'kernel32.lib' [C:\Users\Legendary_Xelar\source\repos\thomas-soutif\assignment1\part1\build\CMakeFiles\3.17.0\CompilerIdC\CompilerIdC.vcxproj]
Done Building Project "C:\Users\Legendary_Xelar\source\repos\thomas-soutif\assignment1\part1\build\CMakeFiles\3.17.0\CompilerIdC\CompilerIdC.vcxproj" (default targets) -- FAILED.

Build FAILED.

"C:\Users\Legendary_Xelar\source\repos\thomas-soutif\assignment1\part1\build\CMakeFiles\3.17.0\CompilerIdC\CompilerIdC.vcxproj" (default target) (1) ->
(PrepareForBuild target) -> 
  C:\Program Files (x86)\Microsoft Visual Studio\2019\Community\MSBuild\Microsoft\VC\v160\Microsoft.CppBuild.targets(449,5): warning MSB8003: The WindowsSDKDir property is not defined. Some build tools may not be found. [C:\Users\Legendary_Xelar\source\repos\thomas-soutif\assignment1\part1\build\CMakeFiles\3.17.0\CompilerIdC\CompilerIdC.vcxproj]


"C:\Users\Legendary_Xelar\source\repos\thomas-soutif\assignment1\part1\build\CMakeFiles\3.17.0\CompilerIdC\CompilerIdC.vcxproj" (default target) (1) ->
(Link target) -> 
  LINK : fatal error LNK1181: cannot open input file 'kernel32.lib' [C:\Users\Legendary_Xelar\source\repos\thomas-soutif\assignment1\part1\build\CMakeFiles\3.17.0\CompilerIdC\CompilerIdC.vcxproj]

    1 Warning(s)
    1 Error(s)

Time Elapsed 00:00:00.68


Compiling the C compiler identification source file "CMakeCCompilerId.c" failed.
Compiler:  
Build flags: 
Id flags:  

The output was:
1
Microsoft (R) Build Engine version 16.5.0+d4cbfca49 for .NET Framework
Copyright (C) Microsoft Corporation. All rights reserved.

Build started 26/03/2020 21:18:24.
Project "C:\Users\Legendary_Xelar\source\repos\thomas-soutif\assignment1\part1\build\CMakeFiles\3.17.0\CompilerIdC\CompilerIdC.vcxproj" on node 1 (default targets).
PrepareForBuild:
  Creating directory "Debug\".
C:\Program Files (x86)\Microsoft Visual Studio\2019\Community\MSBuild\Microsoft\VC\v160\Microsoft.CppBuild.targets(449,5): warning MSB8003: The WindowsSDKDir property is not defined. Some build tools may not be found. [C:\Users\Legendary_Xelar\source\repos\thomas-soutif\assignment1\part1\build\CMakeFiles\3.17.0\CompilerIdC\CompilerIdC.vcxproj]
  Creating directory "Debug\CompilerIdC.tlog\".
InitializeBuildStatus:
  Creating "Debug\CompilerIdC.tlog\unsuccessfulbuild" because "AlwaysCreate" was specified.
ClCompile:
  C:\Program Files (x86)\Microsoft Visual Studio\2019\Community\VC\Tools\MSVC\14.25.28610\bin\HostX64\x64\CL.exe /c /nologo /W0 /WX- /diagnostics:column /Od /D _MBCS /Gm- /EHsc /RTC1 /MDd /GS /fp:precise /Zc:wchar_t /Zc:forScope /Zc:inline /Fo"Debug\\" /Fd"Debug\vc142.pdb" /Gd /TC /FC /errorReport:queue CMakeCCompilerId.c
  CMakeCCompilerId.c
Link:
  C:\Program Files (x86)\Microsoft Visual Studio\2019\Community\VC\Tools\MSVC\14.25.28610\bin\HostX64\x64\link.exe /ERRORREPORT:QUEUE /OUT:".\CompilerIdC.exe" /INCREMENTAL:NO /NOLOGO kernel32.lib user32.lib gdi32.lib winspool.lib comdlg32.lib advapi32.lib shell32.lib ole32.lib oleaut32.lib uuid.lib odbc32.lib odbccp32.lib /MANIFEST /MANIFESTUAC:"level='asInvoker' uiAccess='false'" /manifest:embed /PDB:".\CompilerIdC.pdb" /SUBSYSTEM:CONSOLE /TLBID:1 /DYNAMICBASE /NXCOMPAT /IMPLIB:".\CompilerIdC.lib" /MACHINE:X64 Debug\CMakeCCompilerId.obj
LINK : fatal error LNK1181: cannot open input file 'kernel32.lib' [C:\Users\Legendary_Xelar\source\repos\thomas-soutif\assignment1\part1\build\CMakeFiles\3.17.0\CompilerIdC\CompilerIdC.vcxproj]
Done Building Project "C:\Users\Legendary_Xelar\source\repos\thomas-soutif\assignment1\part1\build\CMakeFiles\3.17.0\CompilerIdC\CompilerIdC.vcxproj" (default targets) -- FAILED.

Build FAILED.

"C:\Users\Legendary_Xelar\source\repos\thomas-soutif\assignment1\part1\build\CMakeFiles\3.17.0\CompilerIdC\CompilerIdC.vcxproj" (default target) (1) ->
(PrepareForBuild target) -> 
  C:\Program Files (x86)\Microsoft Visual Studio\2019\Community\MSBuild\Microsoft\VC\v160\Microsoft.CppBuild.targets(449,5): warning MSB8003: The WindowsSDKDir property is not defined. Some build tools may not be found. [C:\Users\Legendary_Xelar\source\repos\thomas-soutif\assignment1\part1\build\CMakeFiles\3.17.0\CompilerIdC\CompilerIdC.vcxproj]


"C:\Users\Legendary_Xelar\source\repos\thomas-soutif\assignment1\part1\build\CMakeFiles\3.17.0\CompilerIdC\CompilerIdC.vcxproj" (default target) (1) ->
(Link target) -> 
  LINK : fatal error LNK1181: cannot open input file 'kernel32.lib' [C:\Users\Legendary_Xelar\source\repos\thomas-soutif\assignment1\part1\build\CMakeFiles\3.17.0\CompilerIdC\CompilerIdC.vcxproj]

    1 Warning(s)
    1 Error(s)

Time Elapsed 00:00:00.77


Compiling the CXX compiler identification source file "CMakeCXXCompilerId.cpp" failed.
Compiler:  
Build flags: 
Id flags:  

The output was:
1
Microsoft (R) Build Engine version 16.5.0+d4cbfca49 for .NET Framework
Copyright (C) Microsoft Corporation. All rights reserved.

Build started 26/03/2020 21:18:26.
Project "C:\Users\Legendary_Xelar\source\repos\thomas-soutif\assignment1\part1\build\CMakeFiles\3.17.0\CompilerIdCXX\CompilerIdCXX.vcxproj" on node 1 (default targets).
PrepareForBuild:
  Creating directory "Debug\".
C:\Program Files (x86)\Microsoft Visual Studio\2019\Community\MSBuild\Microsoft\VC\v160\Microsoft.CppBuild.targets(449,5): warning MSB8003: The WindowsSDKDir property is not defined. Some build tools may not be found. [C:\Users\Legendary_Xelar\source\repos\thomas-soutif\assignment1\part1\build\CMakeFiles\3.17.0\CompilerIdCXX\CompilerIdCXX.vcxproj]
  Creating directory "Debug\CompilerIdCXX.tlog\".
InitializeBuildStatus:
  Creating "Debug\CompilerIdCXX.tlog\unsuccessfulbuild" because "AlwaysCreate" was specified.
ClCompile:
  C:\Program Files (x86)\Microsoft Visual Studio\2019\Community\VC\Tools\MSVC\14.25.28610\bin\HostX64\x64\CL.exe /c /nologo /W0 /WX- /diagnostics:column /Od /D _MBCS /Gm- /EHsc /RTC1 /MDd /GS /fp:precise /Zc:wchar_t /Zc:forScope /Zc:inline /Fo"Debug\\" /Fd"Debug\vc142.pdb" /Gd /TP /FC /errorReport:queue CMakeCXXCompilerId.cpp
  CMakeCXXCompilerId.cpp
Link:
  C:\Program Files (x86)\Microsoft Visual Studio\2019\Community\VC\Tools\MSVC\14.25.28610\bin\HostX64\x64\link.exe /ERRORREPORT:QUEUE /OUT:".\CompilerIdCXX.exe" /INCREMENTAL:NO /NOLOGO kernel32.lib user32.lib gdi32.lib winspool.lib comdlg32.lib advapi32.lib shell32.lib ole32.lib oleaut32.lib uuid.lib odbc32.lib odbccp32.lib /MANIFEST /MANIFESTUAC:"level='asInvoker' uiAccess='false'" /manifest:embed /PDB:".\CompilerIdCXX.pdb" /SUBSYSTEM:CONSOLE /TLBID:1 /DYNAMICBASE /NXCOMPAT /IMPLIB:".\CompilerIdCXX.lib" /MACHINE:X64 Debug\CMakeCXXCompilerId.obj
LINK : fatal error LNK1181: cannot open input file 'kernel32.lib' [C:\Users\Legendary_Xelar\source\repos\thomas-soutif\assignment1\part1\build\CMakeFiles\3.17.0\CompilerIdCXX\CompilerIdCXX.vcxproj]
Done Building Project "C:\Users\Legendary_Xelar\source\repos\thomas-soutif\assignment1\part1\build\CMakeFiles\3.17.0\CompilerIdCXX\CompilerIdCXX.vcxproj" (default targets) -- FAILED.

Build FAILED.

"C:\Users\Legendary_Xelar\source\repos\thomas-soutif\assignment1\part1\build\CMakeFiles\3.17.0\CompilerIdCXX\CompilerIdCXX.vcxproj" (default target) (1) ->
(PrepareForBuild target) -> 
  C:\Program Files (x86)\Microsoft Visual Studio\2019\Community\MSBuild\Microsoft\VC\v160\Microsoft.CppBuild.targets(449,5): warning MSB8003: The WindowsSDKDir property is not defined. Some build tools may not be found. [C:\Users\Legendary_Xelar\source\repos\thomas-soutif\assignment1\part1\build\CMakeFiles\3.17.0\CompilerIdCXX\CompilerIdCXX.vcxproj]


"C:\Users\Legendary_Xelar\source\repos\thomas-soutif\assignment1\part1\build\CMakeFiles\3.17.0\CompilerIdCXX\CompilerIdCXX.vcxproj" (default target) (1) ->
(Link target) -> 
  LINK : fatal error LNK1181: cannot open input file 'kernel32.lib' [C:\Users\Legendary_Xelar\source\repos\thomas-soutif\assignment1\part1\build\CMakeFiles\3.17.0\CompilerIdCXX\CompilerIdCXX.vcxproj]

    1 Warning(s)
    1 Error(s)

Time Elapsed 00:00:00.79


Compiling the CXX compiler identification source file "CMakeCXXCompilerId.cpp" failed.
Compiler:  
Build flags: 
Id flags:  

The output was:
1
Microsoft (R) Build Engine version 16.5.0+d4cbfca49 for .NET Framework
Copyright (C) Microsoft Corporation. All rights reserved.

Build started 26/03/2020 21:18:27.
Project "C:\Users\Legendary_Xelar\source\repos\thomas-soutif\assignment1\part1\build\CMakeFiles\3.17.0\CompilerIdCXX\CompilerIdCXX.vcxproj" on node 1 (default targets).
PrepareForBuild:
  Creating directory "Debug\".
C:\Program Files (x86)\Microsoft Visual Studio\2019\Community\MSBuild\Microsoft\VC\v160\Microsoft.CppBuild.targets(449,5): warning MSB8003: The WindowsSDKDir property is not defined. Some build tools may not be found. [C:\Users\Legendary_Xelar\source\repos\thomas-soutif\assignment1\part1\build\CMakeFiles\3.17.0\CompilerIdCXX\CompilerIdCXX.vcxproj]
  Creating directory "Debug\CompilerIdCXX.tlog\".
InitializeBuildStatus:
  Creating "Debug\CompilerIdCXX.tlog\unsuccessfulbuild" because "AlwaysCreate" was specified.
ClCompile:
  C:\Program Files (x86)\Microsoft Visual Studio\2019\Community\VC\Tools\MSVC\14.25.28610\bin\HostX64\x64\CL.exe /c /nologo /W0 /WX- /diagnostics:column /Od /D _MBCS /Gm- /EHsc /RTC1 /MDd /GS /fp:precise /Zc:wchar_t /Zc:forScope /Zc:inline /Fo"Debug\\" /Fd"Debug\vc142.pdb" /Gd /TP /FC /errorReport:queue CMakeCXXCompilerId.cpp
  CMakeCXXCompilerId.cpp
Link:
  C:\Program Files (x86)\Microsoft Visual Studio\2019\Community\VC\Tools\MSVC\14.25.28610\bin\HostX64\x64\link.exe /ERRORREPORT:QUEUE /OUT:".\CompilerIdCXX.exe" /INCREMENTAL:NO /NOLOGO kernel32.lib user32.lib gdi32.lib winspool.lib comdlg32.lib advapi32.lib shell32.lib ole32.lib oleaut32.lib uuid.lib odbc32.lib odbccp32.lib /MANIFEST /MANIFESTUAC:"level='asInvoker' uiAccess='false'" /manifest:embed /PDB:".\CompilerIdCXX.pdb" /SUBSYSTEM:CONSOLE /TLBID:1 /DYNAMICBASE /NXCOMPAT /IMPLIB:".\CompilerIdCXX.lib" /MACHINE:X64 Debug\CMakeCXXCompilerId.obj
LINK : fatal error LNK1181: cannot open input file 'kernel32.lib' [C:\Users\Legendary_Xelar\source\repos\thomas-soutif\assignment1\part1\build\CMakeFiles\3.17.0\CompilerIdCXX\CompilerIdCXX.vcxproj]
Done Building Project "C:\Users\Legendary_Xelar\source\repos\thomas-soutif\assignment1\part1\build\CMakeFiles\3.17.0\CompilerIdCXX\CompilerIdCXX.vcxproj" (default targets) -- FAILED.

Build FAILED.

"C:\Users\Legendary_Xelar\source\repos\thomas-soutif\assignment1\part1\build\CMakeFiles\3.17.0\CompilerIdCXX\CompilerIdCXX.vcxproj" (default target) (1) ->
(PrepareForBuild target) -> 
  C:\Program Files (x86)\Microsoft Visual Studio\2019\Community\MSBuild\Microsoft\VC\v160\Microsoft.CppBuild.targets(449,5): warning MSB8003: The WindowsSDKDir property is not defined. Some build tools may not be found. [C:\Users\Legendary_Xelar\source\repos\thomas-soutif\assignment1\part1\build\CMakeFiles\3.17.0\CompilerIdCXX\CompilerIdCXX.vcxproj]


"C:\Users\Legendary_Xelar\source\repos\thomas-soutif\assignment1\part1\build\CMakeFiles\3.17.0\CompilerIdCXX\CompilerIdCXX.vcxproj" (default target) (1) ->
(Link target) -> 
  LINK : fatal error LNK1181: cannot open input file 'kernel32.lib' [C:\Users\Legendary_Xelar\source\repos\thomas-soutif\assignment1\part1\build\CMakeFiles\3.17.0\CompilerIdCXX\CompilerIdCXX.vcxproj]

    1 Warning(s)
    1 Error(s)

Time Elapsed 00:00:00.74


Determining if the include file pthread.h exists failed with the following output:
Change Dir: C:/Users/Legendary_Xelar/source/repos/thomas-soutif/assignment1/part1/build/CMakeFiles/CMakeTmp

Run Build Command(s):C:/Program Files (x86)/Microsoft Visual Studio/2019/Community/MSBuild/Current/Bin/MSBuild.exe cmTC_7b878.vcxproj /p:Configuration=Debug /p:Platform=x64 /p:VisualStudioVersion=16.0 /v:m && Microsoft (R) Build Engine version 16.5.0+d4cbfca49 for .NET Framework
Copyright (C) Microsoft Corporation. All rights reserved.

  Microsoft (R) C/C++ Optimizing Compiler Version 19.25.28611 for x64
  CheckIncludeFile.c
  Copyright (C) Microsoft Corporation.  All rights reserved.
  cl /c /Zi /W1 /WX- /diagnostics:column /Od /Ob0 /D "CMAKE_INTDIR=\"Debug\"" /D _MBCS /Gm- /RTC1 /MDd /GS /fp:precise /Zc:wchar_t /Zc:forScope /Zc:inline /Fo"cmTC_7b878.dir\Debug\\" /Fd"cmTC_7b878.dir\Debug\vc142.pdb" /Gd /TC /errorReport:queue "C:\Users\Legendary_Xelar\source\repos\thomas-soutif\assignment1\part1\build\CMakeFiles\CMakeTmp\CheckIncludeFile.c"
C:\Users\Legendary_Xelar\source\repos\thomas-soutif\assignment1\part1\build\CMakeFiles\CMakeTmp\CheckIncludeFile.c(1,10): fatal error C1083: Cannot open include file: 'pthread.h': No such file or directory [C:\Users\Legendary_Xelar\source\repos\thomas-soutif\assignment1\part1\build\CMakeFiles\CMakeTmp\cmTC_7b878.vcxproj]



